生成启动时间为 2023/2/28 20:59:11。
     1>项目“D:\Personal\Desktop\Code\C\2010\HelloWorld\HelloWorld\HelloWorld.vcxproj”在节点 2 上(build 个目标)。
     1>InitializeBuildStatus:
         正在创建“Debug\HelloWorld.unsuccessfulbuild”，因为已指定“AlwaysCreate”。
       ClCompile:
         D:\Microsoft Visual Studio 10.0\VC\bin\CL.exe /c /ZI /nologo /W3 /WX- /Od /Oy- /D WIN32 /D _DEBUG /D _CONSOLE /D _UNICODE /D UNICODE /Gm /EHsc /RTC1 /MDd /GS /fp:precise /Zc:wchar_t /Zc:forScope /Fo"Debug\\" /Fd"Debug\vc100.pdb" /Gd /TC /analyze- /errorReport:prompt HelloWorld.c
         HelloWorld.c
     1>d:\personal\desktop\code\c\2010\helloworld\helloworld\helloworld.c(8): warning C4996: 'getch': The POSIX name for this item is deprecated. Instead, use the ISO C++ conformant name: _getch. See online help for details.
                 d:\microsoft visual studio 10.0\vc\include\conio.h(128) : 参见“getch”的声明
     1>d:\personal\desktop\code\c\2010\helloworld\helloworld\helloworld.c(10): warning C4996: 'getch': The POSIX name for this item is deprecated. Instead, use the ISO C++ conformant name: _getch. See online help for details.
                 d:\microsoft visual studio 10.0\vc\include\conio.h(128) : 参见“getch”的声明
       ManifestResourceCompile:
         所有输出均为最新。
       Link:
         D:\Microsoft Visual Studio 10.0\VC\bin\link.exe /ERRORREPORT:PROMPT /OUT:"D:\Personal\Desktop\Code\C\2010\HelloWorld\Debug\HelloWorld.exe" /INCREMENTAL /NOLOGO kernel32.lib user32.lib gdi32.lib winspool.lib comdlg32.lib advapi32.lib shell32.lib ole32.lib oleaut32.lib uuid.lib odbc32.lib odbccp32.lib /MANIFEST /ManifestFile:"Debug\HelloWorld.exe.intermediate.manifest" /MANIFESTUAC:"level='asInvoker' uiAccess='false'" /DEBUG /PDB:"D:\Personal\Desktop\Code\C\2010\HelloWorld\Debug\HelloWorld.pdb" /SUBSYSTEM:CONSOLE /TLBID:1 /DYNAMICBASE /NXCOMPAT /IMPLIB:"D:\Personal\Desktop\Code\C\2010\HelloWorld\Debug\HelloWorld.lib" /MACHINE:X86 Debug\HelloWorld.exe.embed.manifest.res
         Debug\HelloWorld.obj
       Manifest:
         C:\Program Files (x86)\Microsoft SDKs\Windows\v7.0A\bin\mt.exe /nologo /verbose /out:"Debug\HelloWorld.exe.embed.manifest" /manifest Debug\HelloWorld.exe.intermediate.manifest
         所有输出均为最新。
       LinkEmbedManifest:
         所有输出均为最新。
         HelloWorld.vcxproj -> D:\Personal\Desktop\Code\C\2010\HelloWorld\Debug\HelloWorld.exe
       FinalizeBuildStatus:
         正在删除文件“Debug\HelloWorld.unsuccessfulbuild”。
         正在对“Debug\HelloWorld.lastbuildstate”执行 Touch 任务。
     1>已完成生成项目“D:\Personal\Desktop\Code\C\2010\HelloWorld\HelloWorld\HelloWorld.vcxproj”(build 个目标)的操作。

生成成功。

已用时间 00:00:00.51
